<?xml version="1.0" encoding="UTF-8"?>
<!-- Generated by org.testng.reporters.JUnitReportReporter -->
<testsuite hostname="AQUARIOUS" name="pack1.TestNGClass" tests="1" failures="0" timestamp="22 Dec 2018 09:09:51 GMT" time="0.016" errors="0">
  <testcase name="one" time="0.016" classname="pack1.TestNGClass"/>
</testsuite> <!-- pack1.TestNGClass -->
