<?xml version="1.0" encoding="UTF-8"?>
<!-- Generated by org.testng.reporters.JUnitReportReporter -->
<testsuite hostname="AQUARIOUS" name="pack1.TestNGClass" tests="4" failures="0" timestamp="22 Dec 2018 09:34:06 GMT" time="8.052" errors="0">
  <testcase name="one" time="2.008" classname="pack1.TestNGClass"/>
  <testcase name="one" time="2.020" classname="pack1.TestNGClass"/>
  <testcase name="one" time="2.019" classname="pack1.TestNGClass"/>
  <testcase name="one" time="2.005" classname="pack1.TestNGClass"/>
</testsuite> <!-- pack1.TestNGClass -->
